#
# There is insufficient memory for the Java Runtime Environment to continue.
# Native memory allocation (malloc) failed to allocate 131088 bytes for Chunk::new
# Possible reasons:
#   The system is out of physical RAM or swap space
#   The process is running with CompressedOops enabled, and the Java Heap may be blocking the growth of the native heap
# Possible solutions:
#   Reduce memory load on the system
#   Increase physical memory or swap space
#   Check if swap backing store is full
#   Decrease Java heap size (-Xmx/-Xms)
#   Decrease number of Java threads
#   Decrease Java thread stack sizes (-Xss)
#   Set larger code cache with -XX:ReservedCodeCacheSize=
#   JVM is running with Unscaled Compressed Oops mode in which the Java heap is
#     placed in the first 4GB address space. The Java Heap base address is the
#     maximum limit for the native heap growth. Please use -XX:HeapBaseMinAddress
#     to set the Java Heap base and to place the Java Heap above 4GB virtual address.
# This output file may be truncated or incomplete.
#
#  Out of Memory Error (allocation.cpp:389), pid=5276, tid=0x0000000000003ba4
#
# JRE version: Java(TM) SE Runtime Environment (8.0_221-b11) (build 1.8.0_221-b11)
# Java VM: Java HotSpot(TM) 64-Bit Server VM (25.221-b11 mixed mode windows-amd64 compressed oops)
# Failed to write core dump. Minidumps are not enabled by default on client versions of Windows
#

---------------  T H R E A D  ---------------

Current thread (0x0000000018bed000):  JavaThread "C2 CompilerThread0" daemon [_thread_in_native, id=15268, stack(0x00000000194c0000,0x00000000195c0000)]

Stack: [0x00000000194c0000,0x00000000195c0000]
[error occurred during error reporting (printing stack bounds), id 0xc0000005]

Native frames: (J=compiled Java code, j=interpreted, Vv=VM code, C=native code)


Current CompileTask:
C2:  11002 3952   !   4       org.apache.maven.model.ModelBase::clone (397 bytes)


---------------  P R O C E S S  ---------------

Java Threads: ( => current thread )
  0x000000001b352000 JavaThread "BuilderThread 0" [_thread_in_vm, id=9604, stack(0x000000001db70000,0x000000001dc70000)]
  0x0000000018c88800 JavaThread "Service Thread" daemon [_thread_blocked, id=5228, stack(0x00000000198c0000,0x00000000199c0000)]
  0x0000000018c06000 JavaThread "C1 CompilerThread3" daemon [_thread_blocked, id=3948, stack(0x00000000197c0000,0x00000000198c0000)]
  0x0000000018bf6800 JavaThread "C2 CompilerThread2" daemon [_thread_in_native, id=3204, stack(0x00000000196c0000,0x00000000197c0000)]
  0x0000000018bf0000 JavaThread "C2 CompilerThread1" daemon [_thread_in_native, id=1796, stack(0x00000000195c0000,0x00000000196c0000)]
=>0x0000000018bed000 JavaThread "C2 CompilerThread0" daemon [_thread_in_native, id=15268, stack(0x00000000194c0000,0x00000000195c0000)]
  0x0000000018bea000 JavaThread "Attach Listener" daemon [_thread_blocked, id=2968, stack(0x00000000193c0000,0x00000000194c0000)]
  0x0000000018be7000 JavaThread "Signal Dispatcher" daemon [_thread_blocked, id=3524, stack(0x00000000192c0000,0x00000000193c0000)]
  0x000000000278e800 JavaThread "Finalizer" daemon [_thread_blocked, id=14452, stack(0x00000000190c0000,0x00000000191c0000)]
  0x0000000002787800 JavaThread "Reference Handler" daemon [_thread_blocked, id=11452, stack(0x0000000018fc0000,0x00000000190c0000)]
  0x000000000268e800 JavaThread "main" [_thread_blocked, id=10584, stack(0x00000000024d0000,0x00000000025d0000)]

Other Threads:
  0x0000000016dca000 VMThread [stack: 0x0000000018ac0000,0x0000000018bc0000] [id=3348]
  0x0000000018c64800 WatcherThread [stack: 0x0000000019b00000,0x0000000019c00000] [id=14000]

VM state:not at safepoint (normal execution)

VM Mutex/Monitor currently owned by a thread: None

heap address: 0x0000000091800000, size: 1768 MB, Compressed Oops mode: 32-bit
Narrow klass base: 0x0000000000000000, Narrow klass shift: 3
Compressed class space size: 1073741824 Address: 0x0000000100000000

Heap:
 PSYoungGen      total 243712K, used 35301K [0x00000000db300000, 0x00000000f3800000, 0x0000000100000000)
  eden space 223232K, 15% used [0x00000000db300000,0x00000000dd579668,0x00000000e8d00000)
  from space 20480K, 0% used [0x00000000e8d00000,0x00000000e8d00000,0x00000000ea100000)
  to   space 20480K, 0% used [0x00000000f2400000,0x00000000f2400000,0x00000000f3800000)
 ParOldGen       total 74240K, used 27311K [0x0000000091800000, 0x0000000096080000, 0x00000000db300000)
  object space 74240K, 36% used [0x0000000091800000,0x00000000932abd80,0x0000000096080000)
 Metaspace       used 25892K, capacity 26508K, committed 26800K, reserved 1073152K
  class space    used 2951K, capacity 3139K, committed 3248K, reserved 1048576K

Card table byte_map: [0x0000000011b50000,0x0000000011ed0000] byte_map_base: 0x00000000116c4000

Marking Bits: (ParMarkBitMap*) 0x0000000068e55ce0
 Begin Bits: [0x0000000012920000, 0x00000000144c0000)
 End Bits:   [0x00000000144c0000, 0x0000000016060000)

Polling page: 0x0000000000c80000

CodeCache: size=245760Kb used=13113Kb max_used=13622Kb free=232646Kb
 bounds [0x0000000002790000, 0x0000000003500000, 0x0000000011790000]
 total_blobs=4043 nmethods=3657 adapters=299
 compilation: enabled

Compilation events (10 events):
Event: 10.880 Thread 0x0000000018c06000 4366       3       java.lang.Character::isJavaIdentifierPart (5 bytes)
Event: 10.881 Thread 0x0000000018c06000 nmethod 4366 0x0000000002921510 code [0x0000000002921680, 0x0000000002921918]
Event: 10.881 Thread 0x0000000018c06000 4367       3       java.lang.Character::isJavaIdentifierPart (9 bytes)
Event: 10.882 Thread 0x0000000018c06000 nmethod 4367 0x0000000002921090 code [0x0000000002921200, 0x0000000002921438]
Event: 10.882 Thread 0x0000000018c06000 4368       3       java.lang.CharacterDataLatin1::isJavaIdentifierPart (20 bytes)
Event: 10.883 Thread 0x0000000018c06000 nmethod 4368 0x0000000002920b90 code [0x0000000002920d00, 0x0000000002920f50]
Event: 10.980 Thread 0x0000000018c06000 4369       3       java.util.zip.ZipUtils::get32 (23 bytes)
Event: 10.980 Thread 0x0000000018c06000 nmethod 4369 0x0000000002920310 code [0x00000000029204a0, 0x00000000029208d0]
Event: 10.981 Thread 0x0000000018c06000 4370       3       java.util.zip.ZipUtils::unixTimeToFileTime (8 bytes)
Event: 10.981 Thread 0x0000000018c06000 nmethod 4370 0x000000000291fc90 code [0x000000000291fe00, 0x0000000002920150]

GC Heap History (10 events):
Event: 5.914 GC heap before
{Heap before GC invocations=6 (full 0):
 PSYoungGen      total 61952K, used 61920K [0x00000000db300000, 0x00000000e3a00000, 0x0000000100000000)
  eden space 57344K, 100% used [0x00000000db300000,0x00000000deb00000,0x00000000deb00000)
  from space 4608K, 99% used [0x00000000deb00000,0x00000000def78020,0x00000000def80000)
  to   space 11776K, 0% used [0x00000000e2e80000,0x00000000e2e80000,0x00000000e3a00000)
 ParOldGen       total 76800K, used 14772K [0x0000000091800000, 0x0000000096300000, 0x00000000db300000)
  object space 76800K, 19% used [0x0000000091800000,0x000000009266d140,0x0000000096300000)
 Metaspace       used 15703K, capacity 15962K, committed 16128K, reserved 1062912K
  class space    used 1850K, capacity 1924K, committed 2048K, reserved 1048576K
Event: 5.951 GC heap after
Heap after GC invocations=6 (full 0):
 PSYoungGen      total 124416K, used 11769K [0x00000000db300000, 0x00000000e3e00000, 0x0000000100000000)
  eden space 112640K, 0% used [0x00000000db300000,0x00000000db300000,0x00000000e2100000)
  from space 11776K, 99% used [0x00000000e2e80000,0x00000000e39fe770,0x00000000e3a00000)
  to   space 13824K, 0% used [0x00000000e2100000,0x00000000e2100000,0x00000000e2e80000)
 ParOldGen       total 76800K, used 15404K [0x0000000091800000, 0x0000000096300000, 0x00000000db300000)
  object space 76800K, 20% used [0x0000000091800000,0x000000009270b0a8,0x0000000096300000)
 Metaspace       used 15703K, capacity 15962K, committed 16128K, reserved 1062912K
  class space    used 1850K, capacity 1924K, committed 2048K, reserved 1048576K
}
Event: 7.695 GC heap before
{Heap before GC invocations=7 (full 0):
 PSYoungGen      total 124416K, used 124409K [0x00000000db300000, 0x00000000e3e00000, 0x0000000100000000)
  eden space 112640K, 100% used [0x00000000db300000,0x00000000e2100000,0x00000000e2100000)
  from space 11776K, 99% used [0x00000000e2e80000,0x00000000e39fe770,0x00000000e3a00000)
  to   space 13824K, 0% used [0x00000000e2100000,0x00000000e2100000,0x00000000e2e80000)
 ParOldGen       total 76800K, used 15404K [0x0000000091800000, 0x0000000096300000, 0x00000000db300000)
  object space 76800K, 20% used [0x0000000091800000,0x000000009270b0a8,0x0000000096300000)
 Metaspace       used 17256K, capacity 17548K, committed 17920K, reserved 1064960K
  class space    used 2064K, capacity 2194K, committed 2304K, reserved 1048576K
Event: 7.727 GC heap after
Heap after GC invocations=7 (full 0):
 PSYoungGen      total 126464K, used 13792K [0x00000000db300000, 0x00000000eb300000, 0x0000000100000000)
  eden space 112640K, 0% used [0x00000000db300000,0x00000000db300000,0x00000000e2100000)
  from space 13824K, 99% used [0x00000000e2100000,0x00000000e2e78020,0x00000000e2e80000)
  to   space 18432K, 0% used [0x00000000ea100000,0x00000000ea100000,0x00000000eb300000)
 ParOldGen       total 76800K, used 21090K [0x0000000091800000, 0x0000000096300000, 0x00000000db300000)
  object space 76800K, 27% used [0x0000000091800000,0x0000000092c98b70,0x0000000096300000)
 Metaspace       used 17256K, capacity 17548K, committed 17920K, reserved 1064960K
  class space    used 2064K, capacity 2194K, committed 2304K, reserved 1048576K
}
Event: 9.543 GC heap before
{Heap before GC invocations=8 (full 0):
 PSYoungGen      total 126464K, used 126432K [0x00000000db300000, 0x00000000eb300000, 0x0000000100000000)
  eden space 112640K, 100% used [0x00000000db300000,0x00000000e2100000,0x00000000e2100000)
  from space 13824K, 99% used [0x00000000e2100000,0x00000000e2e78020,0x00000000e2e80000)
  to   space 18432K, 0% used [0x00000000ea100000,0x00000000ea100000,0x00000000eb300000)
 ParOldGen       total 76800K, used 21090K [0x0000000091800000, 0x0000000096300000, 0x00000000db300000)
  object space 76800K, 27% used [0x0000000091800000,0x0000000092c98b70,0x0000000096300000)
 Metaspace       used 18523K, capacity 19030K, committed 19328K, reserved 1067008K
  class space    used 2190K, capacity 2371K, committed 2432K, reserved 1048576K
Event: 9.577 GC heap after
Heap after GC invocations=8 (full 0):
 PSYoungGen      total 241664K, used 16412K [0x00000000db300000, 0x00000000eb700000, 0x0000000100000000)
  eden space 223232K, 0% used [0x00000000db300000,0x00000000db300000,0x00000000e8d00000)
  from space 18432K, 89% used [0x00000000ea100000,0x00000000eb107080,0x00000000eb300000)
  to   space 20480K, 0% used [0x00000000e8d00000,0x00000000e8d00000,0x00000000ea100000)
 ParOldGen       total 76800K, used 23150K [0x0000000091800000, 0x0000000096300000, 0x00000000db300000)
  object space 76800K, 30% used [0x0000000091800000,0x0000000092e9bbe0,0x0000000096300000)
 Metaspace       used 18523K, capacity 19030K, committed 19328K, reserved 1067008K
  class space    used 2190K, capacity 2371K, committed 2432K, reserved 1048576K
}
Event: 9.990 GC heap before
{Heap before GC invocations=9 (full 0):
 PSYoungGen      total 241664K, used 29089K [0x00000000db300000, 0x00000000eb700000, 0x0000000100000000)
  eden space 223232K, 5% used [0x00000000db300000,0x00000000dbf61380,0x00000000e8d00000)
  from space 18432K, 89% used [0x00000000ea100000,0x00000000eb107080,0x00000000eb300000)
  to   space 20480K, 0% used [0x00000000e8d00000,0x00000000e8d00000,0x00000000ea100000)
 ParOldGen       total 76800K, used 23150K [0x0000000091800000, 0x0000000096300000, 0x00000000db300000)
  object space 76800K, 30% used [0x0000000091800000,0x0000000092e9bbe0,0x0000000096300000)
 Metaspace       used 20646K, capacity 21200K, committed 21296K, reserved 1069056K
  class space    used 2422K, capacity 2586K, committed 2608K, reserved 1048576K
Event: 10.023 GC heap after
Heap after GC invocations=9 (full 0):
 PSYoungGen      total 243712K, used 13352K [0x00000000db300000, 0x00000000f3800000, 0x0000000100000000)
  eden space 223232K, 0% used [0x00000000db300000,0x00000000db300000,0x00000000e8d00000)
  from space 20480K, 65% used [0x00000000e8d00000,0x00000000e9a0a128,0x00000000ea100000)
  to   space 20480K, 0% used [0x00000000f2400000,0x00000000f2400000,0x00000000f3800000)
 ParOldGen       total 76800K, used 26366K [0x0000000091800000, 0x0000000096300000, 0x00000000db300000)
  object space 76800K, 34% used [0x0000000091800000,0x00000000931bfbe0,0x0000000096300000)
 Metaspace       used 20646K, capacity 21200K, committed 21296K, reserved 1069056K
  class space    used 2422K, capacity 2586K, committed 2608K, reserved 1048576K
}
Event: 10.023 GC heap before
{Heap before GC invocations=10 (full 1):
 PSYoungGen      total 243712K, used 13352K [0x00000000db300000, 0x00000000f3800000, 0x0000000100000000)
  eden space 223232K, 0% used [0x00000000db300000,0x00000000db300000,0x00000000e8d00000)
  from space 20480K, 65% used [0x00000000e8d00000,0x00000000e9a0a128,0x00000000ea100000)
  to   space 20480K, 0% used [0x00000000f2400000,0x00000000f2400000,0x00000000f3800000)
 ParOldGen       total 76800K, used 26366K [0x0000000091800000, 0x0000000096300000, 0x00000000db300000)
  object space 76800K, 34% used [0x0000000091800000,0x00000000931bfbe0,0x0000000096300000)
 Metaspace       used 20646K, capacity 21200K, committed 21296K, reserved 1069056K
  class space    used 2422K, capacity 2586K, committed 2608K, reserved 1048576K
Event: 10.233 GC heap after
Heap after GC invocations=10 (full 1):
 PSYoungGen      total 243712K, used 0K [0x00000000db300000, 0x00000000f3800000, 0x0000000100000000)
  eden space 223232K, 0% used [0x00000000db300000,0x00000000db300000,0x00000000e8d00000)
  from space 20480K, 0% used [0x00000000e8d00000,0x00000000e8d00000,0x00000000ea100000)
  to   space 20480K, 0% used [0x00000000f2400000,0x00000000f2400000,0x00000000f3800000)
 ParOldGen       total 74240K, used 27311K [0x0000000091800000, 0x0000000096080000, 0x00000000db300000)
  object space 74240K, 36% used [0x0000000091800000,0x00000000932abd80,0x0000000096080000)
 Metaspace       used 20646K, capacity 21200K, committed 21296K, reserved 1069056K
  class space    used 2422K, capacity 2586K, committed 2608K, reserved 1048576K
}

Deoptimization events (10 events):
Event: 9.602 Thread 0x000000001b352000 Uncommon trap: reason=unstable_if action=reinterpret pc=0x0000000003354efc method=com.google.inject.internal.InjectorImpl.callInContext(Lcom/google/inject/internal/ContextualCallable;)Ljava/lang/Object; @ 161
Event: 9.695 Thread 0x000000001b352000 Uncommon trap: reason=bimorphic action=maybe_recompile pc=0x00000000033f051c method=java.io.BufferedReader.fill()V @ 145
Event: 9.695 Thread 0x000000001b352000 Uncommon trap: reason=bimorphic action=maybe_recompile pc=0x00000000033f051c method=java.io.BufferedReader.fill()V @ 145
Event: 9.757 Thread 0x000000001b352000 Uncommon trap: reason=unstable_if action=reinterpret pc=0x0000000002d08b3c method=java.util.Properties$LineReader.readLine()I @ 323
Event: 9.758 Thread 0x000000001b352000 Uncommon trap: reason=unstable_if action=reinterpret pc=0x0000000003087d60 method=java.util.Properties$LineReader.readLine()I @ 323
Event: 9.849 Thread 0x000000001b352000 Uncommon trap: reason=predicate action=maybe_recompile pc=0x000000000342b664 method=java.lang.String.regionMatches(ZILjava/lang/String;II)Z @ 63
Event: 9.922 Thread 0x000000001b352000 Uncommon trap: reason=bimorphic action=maybe_recompile pc=0x00000000033f051c method=java.io.BufferedReader.fill()V @ 145
Event: 10.624 Thread 0x000000001b352000 Uncommon trap: reason=unstable_if action=reinterpret pc=0x0000000003494f20 method=java.math.BigInteger.<init>(Ljava/lang/String;I)V @ 69
Event: 10.679 Thread 0x000000001b352000 Uncommon trap: reason=unstable_if action=reinterpret pc=0x0000000002faee20 method=java.util.WeakHashMap.get(Ljava/lang/Object;)Ljava/lang/Object; @ 56
Event: 10.704 Thread 0x000000001b352000 Uncommon trap: reason=unstable_if action=reinterpret pc=0x0000000002a97f18 method=sun.net.www.ParseUtil.encodePath(Ljava/lang/String;Z)Ljava/lang/String; @ 109

Classes redefined (0 events):
No events

Internal exceptions (10 events):
Event: 10.660 Thread 0x000000001b352000 Exception <a 'java/lang/ClassNotFoundException': java/util/AbstractCollectionCustomizer> (0x00000000dc56bff8) thrown at [C:\re\workspace\8-2-build-windows-amd64-cygwin\jdk8u221\13320\hotspot\src\share\vm\classfile\systemDictionary.cpp, line 210]
Event: 10.663 Thread 0x000000001b352000 Exception <a 'java/lang/ClassNotFoundException': java/util/AbstractSetCustomizer> (0x00000000dc5847d0) thrown at [C:\re\workspace\8-2-build-windows-amd64-cygwin\jdk8u221\13320\hotspot\src\share\vm\classfile\systemDictionary.cpp, line 210]
Event: 10.664 Thread 0x000000001b352000 Exception <a 'java/lang/ClassNotFoundException': java/util/HashSetCustomizer> (0x00000000dc594f90) thrown at [C:\re\workspace\8-2-build-windows-amd64-cygwin\jdk8u221\13320\hotspot\src\share\vm\classfile\systemDictionary.cpp, line 210]
Event: 10.675 Thread 0x000000001b352000 Exception <a 'java/lang/ClassNotFoundException': java/util/ArrayListBeanInfo> (0x00000000dc6bd470) thrown at [C:\re\workspace\8-2-build-windows-amd64-cygwin\jdk8u221\13320\hotspot\src\share\vm\classfile\systemDictionary.cpp, line 210]
Event: 10.675 Thread 0x000000001b352000 Exception <a 'java/lang/ClassNotFoundException': java/util/AbstractListBeanInfo> (0x00000000dc6c90f8) thrown at [C:\re\workspace\8-2-build-windows-amd64-cygwin\jdk8u221\13320\hotspot\src\share\vm\classfile\systemDictionary.cpp, line 210]
Event: 10.676 Thread 0x000000001b352000 Exception <a 'java/lang/ClassNotFoundException': java/util/AbstractListCustomizer> (0x00000000dc6d5510) thrown at [C:\re\workspace\8-2-build-windows-amd64-cygwin\jdk8u221\13320\hotspot\src\share\vm\classfile\systemDictionary.cpp, line 210]
Event: 10.678 Thread 0x000000001b352000 Exception <a 'java/lang/ClassNotFoundException': java/util/ArrayListCustomizer> (0x00000000dc6ef060) thrown at [C:\re\workspace\8-2-build-windows-amd64-cygwin\jdk8u221\13320\hotspot\src\share\vm\classfile\systemDictionary.cpp, line 210]
Event: 10.712 Thread 0x000000001b352000 Exception <a 'java/lang/ClassNotFoundException': org/springframework/cloud/contract/verifier/util/ContractVerifierDslConverterBeanInfo> (0x00000000dc813bf8) thrown at [C:\re\workspace\8-2-build-windows-amd64-cygwin\jdk8u221\13320\hotspot\src\share\vm\clas
Event: 10.713 Thread 0x000000001b352000 Exception <a 'java/lang/ClassNotFoundException': org/springframework/cloud/contract/verifier/util/ContractVerifierDslConverterCustomizer> (0x00000000dc842110) thrown at [C:\re\workspace\8-2-build-windows-amd64-cygwin\jdk8u221\13320\hotspot\src\share\vm\cl
Event: 10.720 Thread 0x000000001b352000 Exception <a 'java/lang/ClassNotFoundException': com/sun/tools/javac/api/JavacTool> (0x00000000dc876ba8) thrown at [C:\re\workspace\8-2-build-windows-amd64-cygwin\jdk8u221\13320\hotspot\src\share\vm\classfile\systemDictionary.cpp, line 210]

Events (10 events):
Event: 10.996 loading class com/fasterxml/jackson/databind/deser/impl/FieldProperty
Event: 10.996 loading class com/fasterxml/jackson/databind/deser/impl/FieldProperty done
Event: 10.997 loading class com/fasterxml/jackson/annotation/ObjectIdGenerator
Event: 10.997 loading class com/fasterxml/jackson/annotation/ObjectIdGenerator done
Event: 10.997 loading class com/fasterxml/jackson/annotation/ObjectIdGenerator
Event: 10.997 loading class com/fasterxml/jackson/annotation/ObjectIdGenerator done
Event: 10.998 loading class com/fasterxml/jackson/databind/deser/impl/PropertyBasedObjectIdGenerator
Event: 10.998 loading class com/fasterxml/jackson/databind/deser/impl/PropertyBasedObjectIdGenerator done
Event: 10.998 loading class com/fasterxml/jackson/databind/deser/impl/PropertyBasedObjectIdGenerator
Event: 10.998 loading class com/fasterxml/jackson/databind/deser/impl/PropertyBasedObjectIdGenerator done


Dynamic libraries:
0x00007ff6b3360000 - 0x00007ff6b3397000 	C:\Program Files\Java\jdk1.8.0_221\bin\java.exe
0x00007ff98ae10000 - 0x00007ff98b006000 	C:\WINDOWS\SYSTEM32\ntdll.dll
0x00007ff9899a0000 - 0x00007ff989a5d000 	C:\WINDOWS\System32\KERNEL32.DLL
0x00007ff9887a0000 - 0x00007ff988a69000 	C:\WINDOWS\System32\KERNELBASE.dll
0x00007ff989350000 - 0x00007ff9893fc000 	C:\WINDOWS\System32\ADVAPI32.dll
0x00007ff989cc0000 - 0x00007ff989d5e000 	C:\WINDOWS\System32\msvcrt.dll
0x00007ff989ba0000 - 0x00007ff989c3c000 	C:\WINDOWS\System32\sechost.dll
0x00007ff98a420000 - 0x00007ff98a54b000 	C:\WINDOWS\System32\RPCRT4.dll
0x00007ff9895b0000 - 0x00007ff989750000 	C:\WINDOWS\System32\USER32.dll
0x00007ff988af0000 - 0x00007ff988b12000 	C:\WINDOWS\System32\win32u.dll
0x00007ff989ef0000 - 0x00007ff989f1a000 	C:\WINDOWS\System32\GDI32.dll
0x00007ff988b50000 - 0x00007ff988c5b000 	C:\WINDOWS\System32\gdi32full.dll
0x00007ff988700000 - 0x00007ff98879d000 	C:\WINDOWS\System32\msvcp_win.dll
0x00007ff988d70000 - 0x00007ff988e70000 	C:\WINDOWS\System32\ucrtbase.dll
0x00007ff974ef0000 - 0x00007ff97518b000 	C:\WINDOWS\WinSxS\amd64_microsoft.windows.common-controls_6595b64144ccf1df_6.0.19041.746_none_ca02b4b61b8320a4\COMCTL32.dll
0x00007ff989e50000 - 0x00007ff989e80000 	C:\WINDOWS\System32\IMM32.DLL
0x0000000068ee0000 - 0x0000000068fb2000 	C:\Program Files\Java\jdk1.8.0_221\jre\bin\msvcr100.dll
0x0000000068630000 - 0x0000000068ed5000 	C:\Program Files\Java\jdk1.8.0_221\jre\bin\server\jvm.dll
0x00007ff989e40000 - 0x00007ff989e48000 	C:\WINDOWS\System32\PSAPI.DLL
0x00007ff97e2b0000 - 0x00007ff97e2d7000 	C:\WINDOWS\SYSTEM32\WINMM.dll
0x00007ff980060000 - 0x00007ff98006a000 	C:\WINDOWS\SYSTEM32\VERSION.dll
0x00007ff985c10000 - 0x00007ff985c19000 	C:\WINDOWS\SYSTEM32\WSOCK32.dll
0x00007ff989e80000 - 0x00007ff989eeb000 	C:\WINDOWS\System32\WS2_32.dll
0x00007ff984170000 - 0x00007ff98417f000 	C:\Program Files\Java\jdk1.8.0_221\jre\bin\verify.dll
0x00007ff981de0000 - 0x00007ff981e09000 	C:\Program Files\Java\jdk1.8.0_221\jre\bin\java.dll
0x00007ff983860000 - 0x00007ff983876000 	C:\Program Files\Java\jdk1.8.0_221\jre\bin\zip.dll
0x00007ff98a600000 - 0x00007ff98ad42000 	C:\WINDOWS\System32\SHELL32.dll
0x00007ff9866a0000 - 0x00007ff986e30000 	C:\WINDOWS\SYSTEM32\windows.storage.dll
0x00007ff988f90000 - 0x00007ff9892e6000 	C:\WINDOWS\System32\combase.dll
0x00007ff987ee0000 - 0x00007ff987f0c000 	C:\WINDOWS\SYSTEM32\Wldp.dll
0x00007ff98a550000 - 0x00007ff98a5fe000 	C:\WINDOWS\System32\SHCORE.dll
0x00007ff9892f0000 - 0x00007ff989345000 	C:\WINDOWS\System32\shlwapi.dll
0x00007ff988480000 - 0x00007ff9884a6000 	C:\WINDOWS\SYSTEM32\profapi.dll
0x00007ff983680000 - 0x00007ff98369a000 	C:\Program Files\Java\jdk1.8.0_221\jre\bin\net.dll
0x00007ff97a1e0000 - 0x00007ff97a3ce000 	C:\WINDOWS\SYSTEM32\urlmon.dll
0x00007ff979f30000 - 0x00007ff97a1e0000 	C:\WINDOWS\SYSTEM32\iertutil.dll
0x00007ff987c60000 - 0x00007ff987cca000 	C:\WINDOWS\system32\mswsock.dll
0x00007ff981dc0000 - 0x00007ff981dd2000 	C:\Program Files\Java\jdk1.8.0_221\jre\bin\nio.dll

VM Arguments:
jvm_args: -Dclassworlds.conf=C:\Program Files\TMCBeans\java\maven\bin\m2.conf -Dmaven.home=C:\Program Files\TMCBeans\java\maven -Dmaven.multiModuleProjectDirectory=C:\Users\tuppu\Documents\NetBeansProjects\UnLinkedIn 
java_command: org.codehaus.plexus.classworlds.launcher.Launcher -Dspring-boot.run.jvmArguments=-noverify -XX:TieredStopAtLevel=1 -Dspring-boot.run.mainClass=fi.samit.unlinked.service.ServiceApplication -T=1 -q spring-boot:run
java_class_path (initial): C:\Program Files\TMCBeans\java\maven\boot\plexus-classworlds-2.5.2.jar
Launcher Type: SUN_STANDARD

Environment Variables:
JAVA_HOME=C:\Program Files\Java\jdk1.8.0_221
PATH=C:\Program Files\apache-maven-3.6.3\bin;C:\Program Files\Git\cmd;C:\Windows\System32\tasklist.exe;C:\Windows\System32;C:\Users\tuppu\AppData\Local\Programs\Python\Python39\Scripts\;C:\Users\tuppu\AppData\Local\Programs\Python\Python39\;C:\Users\tuppu\AppData\Local\Microsoft\WindowsApps;C:\Users\tuppu\AppData\Local\Programs\Microsoft VS Code\bin;C:\Users\tuppu\AppData\Roaming\npm;C:\Program Files\apache-maven-3.6.3\bin;C:\Program Files\Git\bin;C:\Program Files\Heroku\bin;C:\Windows\System32\tasklist.exe;C:\Windows\System32;
USERNAME=tuppu
OS=Windows_NT
PROCESSOR_IDENTIFIER=AMD64 Family 23 Model 17 Stepping 0, AuthenticAMD



---------------  S Y S T E M  ---------------

OS: Windows 10.0 , 64 bit Build 19041 (10.0.19041.804)

CPU:total 8 (initial active 8) (8 cores per cpu, 1 threads per core) family 23 model 17 stepping 0, cmov, cx8, fxsr, mmx, sse, sse2, sse3, ssse3, sse4.1, sse4.2, popcnt, avx, avx2, aes, clmul, mmxext, 3dnowpref, lzcnt, sse4a, tsc, tscinvbit, tscinv, bmi1

Memory: 4k page, physical 7238224k(684960k free), swap 11432528k(4324k free)

vm_info: Java HotSpot(TM) 64-Bit Server VM (25.221-b11) for windows-amd64 JRE (1.8.0_221-b11), built on Jul  4 2019 04:39:29 by "java_re" with MS VC++ 10.0 (VS2010)

time: Thu Feb 25 22:03:59 2021
timezone: FLE Standard Time
elapsed time: 11 seconds (0d 0h 0m 11s)

